This script is used to run als_csv_phylanx example
tcmalloc: large alloc 3200000000 bytes == 0x19726000 @ 
tcmalloc: large alloc 3200000000 bytes == 0xd86a6000 @ 

{os-thread}: worker-thread#0
{config}:
  HPX_WITH_AGAS_DUMP_REFCNT_ENTRIES=OFF
  HPX_WITH_APEX=OFF
  HPX_WITH_ATTACH_DEBUGGER_ON_TEST_FAILURE=OFF
  HPX_WITH_AUTOMATIC_SERIALIZATION_REGISTRATION=ON
  HPX_WITH_AWAIT=OFF
  HPX_WITH_CXX14_RETURN_TYPE_DEDUCTION=TRUE
  HPX_WITH_DEPRECATION_WARNINGS=ON
  HPX_WITH_GOOGLE_PERFTOOLS=OFF
  HPX_WITH_HPXMP=OFF
  HPX_WITH_INCLUSIVE_SCAN_COMPATIBILITY=ON
  HPX_WITH_IO_COUNTERS=ON
  HPX_WITH_IO_POOL=ON
  HPX_WITH_ITTNOTIFY=OFF
  HPX_WITH_LOGGING=ON
  HPX_WITH_MORE_THAN_64_THREADS=OFF
  HPX_WITH_NATIVE_TLS=ON
  HPX_WITH_NETWORKING=ON
  HPX_WITH_PAPI=OFF
  HPX_WITH_PARCELPORT_ACTION_COUNTERS=OFF
  HPX_WITH_PARCELPORT_LIBFABRIC=OFF
  HPX_WITH_PARCELPORT_MPI=OFF
  HPX_WITH_PARCELPORT_MPI_MULTITHREADED=OFF
  HPX_WITH_PARCELPORT_TCP=ON
  HPX_WITH_PARCELPORT_VERBS=OFF
  HPX_WITH_PARCEL_COALESCING=ON
  HPX_WITH_PARCEL_PROFILING=OFF
  HPX_WITH_SCHEDULER_LOCAL_STORAGE=OFF
  HPX_WITH_SPINLOCK_DEADLOCK_DETECTION=OFF
  HPX_WITH_STACKTRACES=ON
  HPX_WITH_SWAP_CONTEXT_EMULATION=OFF
  HPX_WITH_THREAD_BACKTRACE_ON_SUSPENSION=OFF
  HPX_WITH_THREAD_CREATION_AND_CLEANUP_RATES=OFF
  HPX_WITH_THREAD_CUMULATIVE_COUNTS=ON
  HPX_WITH_THREAD_DEBUG_INFO=OFF
  HPX_WITH_THREAD_DESCRIPTION_FULL=OFF
  HPX_WITH_THREAD_GUARD_PAGE=ON
  HPX_WITH_THREAD_IDLE_RATES=ON
  HPX_WITH_THREAD_LOCAL_STORAGE=ON
  HPX_WITH_THREAD_MANAGER_IDLE_BACKOFF=ON
  HPX_WITH_THREAD_QUEUE_WAITTIME=OFF
  HPX_WITH_THREAD_STACK_MMAP=ON
  HPX_WITH_THREAD_STEALING_COUNTS=ON
  HPX_WITH_THREAD_TARGET_ADDRESS=OFF
  HPX_WITH_TIMER_POOL=ON
  HPX_WITH_TUPLE_RVALUE_SWAP=ON
  HPX_WITH_UNWRAPPED_COMPATIBILITY=ON
  HPX_WITH_VALGRIND=OFF
  HPX_WITH_VERIFY_LOCKS=OFF
  HPX_WITH_VERIFY_LOCKS_BACKTRACE=OFF
  HPX_WITH_VERIFY_LOCKS_GLOBALLY=OFF

  HPX_PARCEL_MAX_CONNECTIONS=512
  HPX_PARCEL_MAX_CONNECTIONS_PER_LOCALITY=4
  HPX_AGAS_LOCAL_CACHE_SIZE=4096
  HPX_HAVE_MALLOC=tcmalloc
  HPX_PREFIX (configured)=/home/sshirzad/lib/hpx/hpx_release_clang_no_hpxmp
  HPX_PREFIX=/home/sshirzad/lib/hpx/hpx_release_clang_no_hpxmp
{version}: V1.2.0-trunk (AGAS: V3.0), Git: e844b344ff
{boost}: V1.67.0
{build-type}: release
{date}: Oct 25 2018 15:32:13
{platform}: linux
{compiler}: Clang version 6.0.0 (tags/RELEASE_600/final)
{stdlib}: libc++ version 6000
{what}: std::bad_alloc: HPX(unhandled_exception)

terminating with uncaught exception of type hpx::detail::exception_with_info<hpx::exception>: std::bad_alloc: HPX(unhandled_exception)
/var/lib/slurm/slurmd/job3396974/slurm_script: line 33: 35825 Aborted                 (core dumped) ${phylanx_dir}/bin/als_csv_instrumented -d --hpx:threads=${th} --data_csv=/phylanx-data/CSV/MovieLens_20m.csv --hpx:bind=balanced --hpx:numa-sensitive --iterations=${it} --f=${f} --row_stop=${rs} --col_stop=${cs} --hpx:print-counter=/threads{locality#*/total}/idle-rate >> ${results_dir}/alsphx_${th}th_itrscs_${it}_${f}_${rs}_${cs}
done 1_1_40_700_20000_1
tcmalloc: large alloc 3200000000 bytes == 0x19b5a000 @ 
tcmalloc: large alloc 3200000000 bytes == 0xd8ada000 @ 

{os-thread}: worker-thread#1
{config}:
  HPX_WITH_AGAS_DUMP_REFCNT_ENTRIES=OFF
  HPX_WITH_APEX=OFF
  HPX_WITH_ATTACH_DEBUGGER_ON_TEST_FAILURE=OFF
  HPX_WITH_AUTOMATIC_SERIALIZATION_REGISTRATION=ON
  HPX_WITH_AWAIT=OFF
  HPX_WITH_CXX14_RETURN_TYPE_DEDUCTION=TRUE
  HPX_WITH_DEPRECATION_WARNINGS=ON
  HPX_WITH_GOOGLE_PERFTOOLS=OFF
  HPX_WITH_HPXMP=OFF
  HPX_WITH_INCLUSIVE_SCAN_COMPATIBILITY=ON
  HPX_WITH_IO_COUNTERS=ON
  HPX_WITH_IO_POOL=ON
  HPX_WITH_ITTNOTIFY=OFF
  HPX_WITH_LOGGING=ON
  HPX_WITH_MORE_THAN_64_THREADS=OFF
  HPX_WITH_NATIVE_TLS=ON
  HPX_WITH_NETWORKING=ON
  HPX_WITH_PAPI=OFF
  HPX_WITH_PARCELPORT_ACTION_COUNTERS=OFF
  HPX_WITH_PARCELPORT_LIBFABRIC=OFF
  HPX_WITH_PARCELPORT_MPI=OFF
  HPX_WITH_PARCELPORT_MPI_MULTITHREADED=OFF
  HPX_WITH_PARCELPORT_TCP=ON
  HPX_WITH_PARCELPORT_VERBS=OFF
  HPX_WITH_PARCEL_COALESCING=ON
  HPX_WITH_PARCEL_PROFILING=OFF
  HPX_WITH_SCHEDULER_LOCAL_STORAGE=OFF
  HPX_WITH_SPINLOCK_DEADLOCK_DETECTION=OFF
  HPX_WITH_STACKTRACES=ON
  HPX_WITH_SWAP_CONTEXT_EMULATION=OFF
  HPX_WITH_THREAD_BACKTRACE_ON_SUSPENSION=OFF
  HPX_WITH_THREAD_CREATION_AND_CLEANUP_RATES=OFF
  HPX_WITH_THREAD_CUMULATIVE_COUNTS=ON
  HPX_WITH_THREAD_DEBUG_INFO=OFF
  HPX_WITH_THREAD_DESCRIPTION_FULL=OFF
  HPX_WITH_THREAD_GUARD_PAGE=ON
  HPX_WITH_THREAD_IDLE_RATES=ON
  HPX_WITH_THREAD_LOCAL_STORAGE=ON
  HPX_WITH_THREAD_MANAGER_IDLE_BACKOFF=ON
  HPX_WITH_THREAD_QUEUE_WAITTIME=OFF
  HPX_WITH_THREAD_STACK_MMAP=ON
  HPX_WITH_THREAD_STEALING_COUNTS=ON
  HPX_WITH_THREAD_TARGET_ADDRESS=OFF
  HPX_WITH_TIMER_POOL=ON
  HPX_WITH_TUPLE_RVALUE_SWAP=ON
  HPX_WITH_UNWRAPPED_COMPATIBILITY=ON
  HPX_WITH_VALGRIND=OFF
  HPX_WITH_VERIFY_LOCKS=OFF
  HPX_WITH_VERIFY_LOCKS_BACKTRACE=OFF
  HPX_WITH_VERIFY_LOCKS_GLOBALLY=OFF

  HPX_PARCEL_MAX_CONNECTIONS=512
  HPX_PARCEL_MAX_CONNECTIONS_PER_LOCALITY=4
  HPX_AGAS_LOCAL_CACHE_SIZE=4096
  HPX_HAVE_MALLOC=tcmalloc
  HPX_PREFIX (configured)=/home/sshirzad/lib/hpx/hpx_release_clang_no_hpxmp
  HPX_PREFIX=/home/sshirzad/lib/hpx/hpx_release_clang_no_hpxmp
{version}: V1.2.0-trunk (AGAS: V3.0), Git: e844b344ff
{boost}: V1.67.0
{build-type}: release
{date}: Oct 25 2018 15:32:13
{platform}: linux
{compiler}: Clang version 6.0.0 (tags/RELEASE_600/final)
{stdlib}: libc++ version 6000
{what}: std::bad_alloc: HPX(unhandled_exception)

terminating with uncaught exception of type hpx::detail::exception_with_info<hpx::exception>: std::bad_alloc: HPX(unhandled_exception)
/var/lib/slurm/slurmd/job3396974/slurm_script: line 33: 36811 Aborted                 (core dumped) ${phylanx_dir}/bin/als_csv_instrumented -d --hpx:threads=${th} --data_csv=/phylanx-data/CSV/MovieLens_20m.csv --hpx:bind=balanced --hpx:numa-sensitive --iterations=${it} --f=${f} --row_stop=${rs} --col_stop=${cs} --hpx:print-counter=/threads{locality#*/total}/idle-rate >> ${results_dir}/alsphx_${th}th_itrscs_${it}_${f}_${rs}_${cs}
done 2_1_40_700_20000_2
tcmalloc: large alloc 3200000000 bytes == 0x1a268000 @ 
tcmalloc: large alloc 3200000000 bytes == 0xd9210000 @ 

{os-thread}: worker-thread#0
{config}:
  HPX_WITH_AGAS_DUMP_REFCNT_ENTRIES=OFF
  HPX_WITH_APEX=OFF
  HPX_WITH_ATTACH_DEBUGGER_ON_TEST_FAILURE=OFF
  HPX_WITH_AUTOMATIC_SERIALIZATION_REGISTRATION=ON
  HPX_WITH_AWAIT=OFF
  HPX_WITH_CXX14_RETURN_TYPE_DEDUCTION=TRUE
  HPX_WITH_DEPRECATION_WARNINGS=ON
  HPX_WITH_GOOGLE_PERFTOOLS=OFF
  HPX_WITH_HPXMP=OFF
  HPX_WITH_INCLUSIVE_SCAN_COMPATIBILITY=ON
  HPX_WITH_IO_COUNTERS=ON
  HPX_WITH_IO_POOL=ON
  HPX_WITH_ITTNOTIFY=OFF
  HPX_WITH_LOGGING=ON
  HPX_WITH_MORE_THAN_64_THREADS=OFF
  HPX_WITH_NATIVE_TLS=ON
  HPX_WITH_NETWORKING=ON
  HPX_WITH_PAPI=OFF
  HPX_WITH_PARCELPORT_ACTION_COUNTERS=OFF
  HPX_WITH_PARCELPORT_LIBFABRIC=OFF
  HPX_WITH_PARCELPORT_MPI=OFF
  HPX_WITH_PARCELPORT_MPI_MULTITHREADED=OFF
  HPX_WITH_PARCELPORT_TCP=ON
  HPX_WITH_PARCELPORT_VERBS=OFF
  HPX_WITH_PARCEL_COALESCING=ON
  HPX_WITH_PARCEL_PROFILING=OFF
  HPX_WITH_SCHEDULER_LOCAL_STORAGE=OFF
  HPX_WITH_SPINLOCK_DEADLOCK_DETECTION=OFF
  HPX_WITH_STACKTRACES=ON
  HPX_WITH_SWAP_CONTEXT_EMULATION=OFF
  HPX_WITH_THREAD_BACKTRACE_ON_SUSPENSION=OFF
  HPX_WITH_THREAD_CREATION_AND_CLEANUP_RATES=OFF
  HPX_WITH_THREAD_CUMULATIVE_COUNTS=ON
  HPX_WITH_THREAD_DEBUG_INFO=OFF
  HPX_WITH_THREAD_DESCRIPTION_FULL=OFF
  HPX_WITH_THREAD_GUARD_PAGE=ON
  HPX_WITH_THREAD_IDLE_RATES=ON
  HPX_WITH_THREAD_LOCAL_STORAGE=ON
  HPX_WITH_THREAD_MANAGER_IDLE_BACKOFF=ON
  HPX_WITH_THREAD_QUEUE_WAITTIME=OFF
  HPX_WITH_THREAD_STACK_MMAP=ON
  HPX_WITH_THREAD_STEALING_COUNTS=ON
  HPX_WITH_THREAD_TARGET_ADDRESS=OFF
  HPX_WITH_TIMER_POOL=ON
  HPX_WITH_TUPLE_RVALUE_SWAP=ON
  HPX_WITH_UNWRAPPED_COMPATIBILITY=ON
  HPX_WITH_VALGRIND=OFF
  HPX_WITH_VERIFY_LOCKS=OFF
  HPX_WITH_VERIFY_LOCKS_BACKTRACE=OFF
  HPX_WITH_VERIFY_LOCKS_GLOBALLY=OFF

  HPX_PARCEL_MAX_CONNECTIONS=512
  HPX_PARCEL_MAX_CONNECTIONS_PER_LOCALITY=4
  HPX_AGAS_LOCAL_CACHE_SIZE=4096
  HPX_HAVE_MALLOC=tcmalloc
  HPX_PREFIX (configured)=/home/sshirzad/lib/hpx/hpx_release_clang_no_hpxmp
  HPX_PREFIX=/home/sshirzad/lib/hpx/hpx_release_clang_no_hpxmp
{version}: V1.2.0-trunk (AGAS: V3.0), Git: e844b344ff
{boost}: V1.67.0
{build-type}: release
{date}: Oct 25 2018 15:32:13
{platform}: linux
{compiler}: Clang version 6.0.0 (tags/RELEASE_600/final)
{stdlib}: libc++ version 6000
{what}: std::bad_alloc: HPX(unhandled_exception)

terminating with uncaught exception of type hpx::detail::exception_with_info<hpx::exception>: std::bad_alloc: HPX(unhandled_exception)
/var/lib/slurm/slurmd/job3396974/slurm_script: line 33: 37023 Aborted                 (core dumped) ${phylanx_dir}/bin/als_csv_instrumented -d --hpx:threads=${th} --data_csv=/phylanx-data/CSV/MovieLens_20m.csv --hpx:bind=balanced --hpx:numa-sensitive --iterations=${it} --f=${f} --row_stop=${rs} --col_stop=${cs} --hpx:print-counter=/threads{locality#*/total}/idle-rate >> ${results_dir}/alsphx_${th}th_itrscs_${it}_${f}_${rs}_${cs}
done 4_1_40_700_20000_4
tcmalloc: large alloc 3200000000 bytes == 0x19a50000 @ 
tcmalloc: large alloc 3200000000 bytes == 0xd89f8000 @ 

{os-thread}: worker-thread#6
{config}:
  HPX_WITH_AGAS_DUMP_REFCNT_ENTRIES=OFF
  HPX_WITH_APEX=OFF
  HPX_WITH_ATTACH_DEBUGGER_ON_TEST_FAILURE=OFF
  HPX_WITH_AUTOMATIC_SERIALIZATION_REGISTRATION=ON
  HPX_WITH_AWAIT=OFF
  HPX_WITH_CXX14_RETURN_TYPE_DEDUCTION=TRUE
  HPX_WITH_DEPRECATION_WARNINGS=ON
  HPX_WITH_GOOGLE_PERFTOOLS=OFF
  HPX_WITH_HPXMP=OFF
  HPX_WITH_INCLUSIVE_SCAN_COMPATIBILITY=ON
  HPX_WITH_IO_COUNTERS=ON
  HPX_WITH_IO_POOL=ON
  HPX_WITH_ITTNOTIFY=OFF
  HPX_WITH_LOGGING=ON
  HPX_WITH_MORE_THAN_64_THREADS=OFF
  HPX_WITH_NATIVE_TLS=ON
  HPX_WITH_NETWORKING=ON
  HPX_WITH_PAPI=OFF
  HPX_WITH_PARCELPORT_ACTION_COUNTERS=OFF
  HPX_WITH_PARCELPORT_LIBFABRIC=OFF
  HPX_WITH_PARCELPORT_MPI=OFF
  HPX_WITH_PARCELPORT_MPI_MULTITHREADED=OFF
  HPX_WITH_PARCELPORT_TCP=ON
  HPX_WITH_PARCELPORT_VERBS=OFF
  HPX_WITH_PARCEL_COALESCING=ON
  HPX_WITH_PARCEL_PROFILING=OFF
  HPX_WITH_SCHEDULER_LOCAL_STORAGE=OFF
  HPX_WITH_SPINLOCK_DEADLOCK_DETECTION=OFF
  HPX_WITH_STACKTRACES=ON
  HPX_WITH_SWAP_CONTEXT_EMULATION=OFF
  HPX_WITH_THREAD_BACKTRACE_ON_SUSPENSION=OFF
  HPX_WITH_THREAD_CREATION_AND_CLEANUP_RATES=OFF
  HPX_WITH_THREAD_CUMULATIVE_COUNTS=ON
  HPX_WITH_THREAD_DEBUG_INFO=OFF
  HPX_WITH_THREAD_DESCRIPTION_FULL=OFF
  HPX_WITH_THREAD_GUARD_PAGE=ON
  HPX_WITH_THREAD_IDLE_RATES=ON
  HPX_WITH_THREAD_LOCAL_STORAGE=ON
  HPX_WITH_THREAD_MANAGER_IDLE_BACKOFF=ON
  HPX_WITH_THREAD_QUEUE_WAITTIME=OFF
  HPX_WITH_THREAD_STACK_MMAP=ON
  HPX_WITH_THREAD_STEALING_COUNTS=ON
  HPX_WITH_THREAD_TARGET_ADDRESS=OFF
  HPX_WITH_TIMER_POOL=ON
  HPX_WITH_TUPLE_RVALUE_SWAP=ON
  HPX_WITH_UNWRAPPED_COMPATIBILITY=ON
  HPX_WITH_VALGRIND=OFF
  HPX_WITH_VERIFY_LOCKS=OFF
  HPX_WITH_VERIFY_LOCKS_BACKTRACE=OFF
  HPX_WITH_VERIFY_LOCKS_GLOBALLY=OFF

  HPX_PARCEL_MAX_CONNECTIONS=512
  HPX_PARCEL_MAX_CONNECTIONS_PER_LOCALITY=4
  HPX_AGAS_LOCAL_CACHE_SIZE=4096
  HPX_HAVE_MALLOC=tcmalloc
  HPX_PREFIX (configured)=/home/sshirzad/lib/hpx/hpx_release_clang_no_hpxmp
  HPX_PREFIX=/home/sshirzad/lib/hpx/hpx_release_clang_no_hpxmp
{version}: V1.2.0-trunk (AGAS: V3.0), Git: e844b344ff
{boost}: V1.67.0
{build-type}: release
{date}: Oct 25 2018 15:32:13
{platform}: linux
{compiler}: Clang version 6.0.0 (tags/RELEASE_600/final)
{stdlib}: libc++ version 6000
{what}: std::bad_alloc: HPX(unhandled_exception)

terminating with uncaught exception of type hpx::detail::exception_with_info<hpx::exception>: std::bad_alloc: HPX(unhandled_exception)
/var/lib/slurm/slurmd/job3396974/slurm_script: line 33: 37037 Aborted                 (core dumped) ${phylanx_dir}/bin/als_csv_instrumented -d --hpx:threads=${th} --data_csv=/phylanx-data/CSV/MovieLens_20m.csv --hpx:bind=balanced --hpx:numa-sensitive --iterations=${it} --f=${f} --row_stop=${rs} --col_stop=${cs} --hpx:print-counter=/threads{locality#*/total}/idle-rate >> ${results_dir}/alsphx_${th}th_itrscs_${it}_${f}_${rs}_${cs}
done 8_1_40_700_20000_8
tcmalloc: large alloc 3200000000 bytes == 0x1a086000 @ 
tcmalloc: large alloc 3200000000 bytes == 0xd902e000 @ 

{os-thread}: worker-thread#9
{config}:
  HPX_WITH_AGAS_DUMP_REFCNT_ENTRIES=OFF
  HPX_WITH_APEX=OFF
  HPX_WITH_ATTACH_DEBUGGER_ON_TEST_FAILURE=OFF
  HPX_WITH_AUTOMATIC_SERIALIZATION_REGISTRATION=ON
  HPX_WITH_AWAIT=OFF
  HPX_WITH_CXX14_RETURN_TYPE_DEDUCTION=TRUE
  HPX_WITH_DEPRECATION_WARNINGS=ON
  HPX_WITH_GOOGLE_PERFTOOLS=OFF
  HPX_WITH_HPXMP=OFF
  HPX_WITH_INCLUSIVE_SCAN_COMPATIBILITY=ON
  HPX_WITH_IO_COUNTERS=ON
  HPX_WITH_IO_POOL=ON
  HPX_WITH_ITTNOTIFY=OFF
  HPX_WITH_LOGGING=ON
  HPX_WITH_MORE_THAN_64_THREADS=OFF
  HPX_WITH_NATIVE_TLS=ON
  HPX_WITH_NETWORKING=ON
  HPX_WITH_PAPI=OFF
  HPX_WITH_PARCELPORT_ACTION_COUNTERS=OFF
  HPX_WITH_PARCELPORT_LIBFABRIC=OFF
  HPX_WITH_PARCELPORT_MPI=OFF
  HPX_WITH_PARCELPORT_MPI_MULTITHREADED=OFF
  HPX_WITH_PARCELPORT_TCP=ON
  HPX_WITH_PARCELPORT_VERBS=OFF
  HPX_WITH_PARCEL_COALESCING=ON
  HPX_WITH_PARCEL_PROFILING=OFF
  HPX_WITH_SCHEDULER_LOCAL_STORAGE=OFF
  HPX_WITH_SPINLOCK_DEADLOCK_DETECTION=OFF
  HPX_WITH_STACKTRACES=ON
  HPX_WITH_SWAP_CONTEXT_EMULATION=OFF
  HPX_WITH_THREAD_BACKTRACE_ON_SUSPENSION=OFF
  HPX_WITH_THREAD_CREATION_AND_CLEANUP_RATES=OFF
  HPX_WITH_THREAD_CUMULATIVE_COUNTS=ON
  HPX_WITH_THREAD_DEBUG_INFO=OFF
  HPX_WITH_THREAD_DESCRIPTION_FULL=OFF
  HPX_WITH_THREAD_GUARD_PAGE=ON
  HPX_WITH_THREAD_IDLE_RATES=ON
  HPX_WITH_THREAD_LOCAL_STORAGE=ON
  HPX_WITH_THREAD_MANAGER_IDLE_BACKOFF=ON
  HPX_WITH_THREAD_QUEUE_WAITTIME=OFF
  HPX_WITH_THREAD_STACK_MMAP=ON
  HPX_WITH_THREAD_STEALING_COUNTS=ON
  HPX_WITH_THREAD_TARGET_ADDRESS=OFF
  HPX_WITH_TIMER_POOL=ON
  HPX_WITH_TUPLE_RVALUE_SWAP=ON
  HPX_WITH_UNWRAPPED_COMPATIBILITY=ON
  HPX_WITH_VALGRIND=OFF
  HPX_WITH_VERIFY_LOCKS=OFF
  HPX_WITH_VERIFY_LOCKS_BACKTRACE=OFF
  HPX_WITH_VERIFY_LOCKS_GLOBALLY=OFF

  HPX_PARCEL_MAX_CONNECTIONS=512
  HPX_PARCEL_MAX_CONNECTIONS_PER_LOCALITY=4
  HPX_AGAS_LOCAL_CACHE_SIZE=4096
  HPX_HAVE_MALLOC=tcmalloc
  HPX_PREFIX (configured)=/home/sshirzad/lib/hpx/hpx_release_clang_no_hpxmp
  HPX_PREFIX=/home/sshirzad/lib/hpx/hpx_release_clang_no_hpxmp
{version}: V1.2.0-trunk (AGAS: V3.0), Git: e844b344ff
{boost}: V1.67.0
{build-type}: release
{date}: Oct 25 2018 15:32:13
{platform}: linux
{compiler}: Clang version 6.0.0 (tags/RELEASE_600/final)
{stdlib}: libc++ version 6000
{what}: std::bad_alloc: HPX(unhandled_exception)

terminating with uncaught exception of type hpx::detail::exception_with_info<hpx::exception>: std::bad_alloc: HPX(unhandled_exception)
/var/lib/slurm/slurmd/job3396974/slurm_script: line 33: 37095 Aborted                 (core dumped) ${phylanx_dir}/bin/als_csv_instrumented -d --hpx:threads=${th} --data_csv=/phylanx-data/CSV/MovieLens_20m.csv --hpx:bind=balanced --hpx:numa-sensitive --iterations=${it} --f=${f} --row_stop=${rs} --col_stop=${cs} --hpx:print-counter=/threads{locality#*/total}/idle-rate >> ${results_dir}/alsphx_${th}th_itrscs_${it}_${f}_${rs}_${cs}
done 10_1_40_700_20000_10
tcmalloc: large alloc 3200000000 bytes == 0x1a2ce000 @ 
tcmalloc: large alloc 3200000000 bytes == 0xd9276000 @ 

{os-thread}: worker-thread#0
{config}:
  HPX_WITH_AGAS_DUMP_REFCNT_ENTRIES=OFF
  HPX_WITH_APEX=OFF
  HPX_WITH_ATTACH_DEBUGGER_ON_TEST_FAILURE=OFF
  HPX_WITH_AUTOMATIC_SERIALIZATION_REGISTRATION=ON
  HPX_WITH_AWAIT=OFF
  HPX_WITH_CXX14_RETURN_TYPE_DEDUCTION=TRUE
  HPX_WITH_DEPRECATION_WARNINGS=ON
  HPX_WITH_GOOGLE_PERFTOOLS=OFF
  HPX_WITH_HPXMP=OFF
  HPX_WITH_INCLUSIVE_SCAN_COMPATIBILITY=ON
  HPX_WITH_IO_COUNTERS=ON
  HPX_WITH_IO_POOL=ON
  HPX_WITH_ITTNOTIFY=OFF
  HPX_WITH_LOGGING=ON
  HPX_WITH_MORE_THAN_64_THREADS=OFF
  HPX_WITH_NATIVE_TLS=ON
  HPX_WITH_NETWORKING=ON
  HPX_WITH_PAPI=OFF
  HPX_WITH_PARCELPORT_ACTION_COUNTERS=OFF
  HPX_WITH_PARCELPORT_LIBFABRIC=OFF
  HPX_WITH_PARCELPORT_MPI=OFF
  HPX_WITH_PARCELPORT_MPI_MULTITHREADED=OFF
  HPX_WITH_PARCELPORT_TCP=ON
  HPX_WITH_PARCELPORT_VERBS=OFF
  HPX_WITH_PARCEL_COALESCING=ON
  HPX_WITH_PARCEL_PROFILING=OFF
  HPX_WITH_SCHEDULER_LOCAL_STORAGE=OFF
  HPX_WITH_SPINLOCK_DEADLOCK_DETECTION=OFF
  HPX_WITH_STACKTRACES=ON
  HPX_WITH_SWAP_CONTEXT_EMULATION=OFF
  HPX_WITH_THREAD_BACKTRACE_ON_SUSPENSION=OFF
  HPX_WITH_THREAD_CREATION_AND_CLEANUP_RATES=OFF
  HPX_WITH_THREAD_CUMULATIVE_COUNTS=ON
  HPX_WITH_THREAD_DEBUG_INFO=OFF
  HPX_WITH_THREAD_DESCRIPTION_FULL=OFF
  HPX_WITH_THREAD_GUARD_PAGE=ON
  HPX_WITH_THREAD_IDLE_RATES=ON
  HPX_WITH_THREAD_LOCAL_STORAGE=ON
  HPX_WITH_THREAD_MANAGER_IDLE_BACKOFF=ON
  HPX_WITH_THREAD_QUEUE_WAITTIME=OFF
  HPX_WITH_THREAD_STACK_MMAP=ON
  HPX_WITH_THREAD_STEALING_COUNTS=ON
  HPX_WITH_THREAD_TARGET_ADDRESS=OFF
  HPX_WITH_TIMER_POOL=ON
  HPX_WITH_TUPLE_RVALUE_SWAP=ON
  HPX_WITH_UNWRAPPED_COMPATIBILITY=ON
  HPX_WITH_VALGRIND=OFF
  HPX_WITH_VERIFY_LOCKS=OFF
  HPX_WITH_VERIFY_LOCKS_BACKTRACE=OFF
  HPX_WITH_VERIFY_LOCKS_GLOBALLY=OFF

  HPX_PARCEL_MAX_CONNECTIONS=512
  HPX_PARCEL_MAX_CONNECTIONS_PER_LOCALITY=4
  HPX_AGAS_LOCAL_CACHE_SIZE=4096
  HPX_HAVE_MALLOC=tcmalloc
  HPX_PREFIX (configured)=/home/sshirzad/lib/hpx/hpx_release_clang_no_hpxmp
  HPX_PREFIX=/home/sshirzad/lib/hpx/hpx_release_clang_no_hpxmp
{version}: V1.2.0-trunk (AGAS: V3.0), Git: e844b344ff
{boost}: V1.67.0
{build-type}: release
{date}: Oct 25 2018 15:32:13
{platform}: linux
{compiler}: Clang version 6.0.0 (tags/RELEASE_600/final)
{stdlib}: libc++ version 6000
{what}: std::bad_alloc: HPX(unhandled_exception)

terminating with uncaught exception of type hpx::detail::exception_with_info<hpx::exception>: std::bad_alloc: HPX(unhandled_exception)
/var/lib/slurm/slurmd/job3396974/slurm_script: line 33: 37118 Aborted                 (core dumped) ${phylanx_dir}/bin/als_csv_instrumented -d --hpx:threads=${th} --data_csv=/phylanx-data/CSV/MovieLens_20m.csv --hpx:bind=balanced --hpx:numa-sensitive --iterations=${it} --f=${f} --row_stop=${rs} --col_stop=${cs} --hpx:print-counter=/threads{locality#*/total}/idle-rate >> ${results_dir}/alsphx_${th}th_itrscs_${it}_${f}_${rs}_${cs}
done 12_1_40_700_20000_12
tcmalloc: large alloc 3200000000 bytes == 0x1935e000 @ 
tcmalloc: large alloc 3200000000 bytes == 0xd8306000 @ 

{os-thread}: worker-thread#8
{config}:
  HPX_WITH_AGAS_DUMP_REFCNT_ENTRIES=OFF
  HPX_WITH_APEX=OFF
  HPX_WITH_ATTACH_DEBUGGER_ON_TEST_FAILURE=OFF
  HPX_WITH_AUTOMATIC_SERIALIZATION_REGISTRATION=ON
  HPX_WITH_AWAIT=OFF
  HPX_WITH_CXX14_RETURN_TYPE_DEDUCTION=TRUE
  HPX_WITH_DEPRECATION_WARNINGS=ON
  HPX_WITH_GOOGLE_PERFTOOLS=OFF
  HPX_WITH_HPXMP=OFF
  HPX_WITH_INCLUSIVE_SCAN_COMPATIBILITY=ON
  HPX_WITH_IO_COUNTERS=ON
  HPX_WITH_IO_POOL=ON
  HPX_WITH_ITTNOTIFY=OFF
  HPX_WITH_LOGGING=ON
  HPX_WITH_MORE_THAN_64_THREADS=OFF
  HPX_WITH_NATIVE_TLS=ON
  HPX_WITH_NETWORKING=ON
  HPX_WITH_PAPI=OFF
  HPX_WITH_PARCELPORT_ACTION_COUNTERS=OFF
  HPX_WITH_PARCELPORT_LIBFABRIC=OFF
  HPX_WITH_PARCELPORT_MPI=OFF
  HPX_WITH_PARCELPORT_MPI_MULTITHREADED=OFF
  HPX_WITH_PARCELPORT_TCP=ON
  HPX_WITH_PARCELPORT_VERBS=OFF
  HPX_WITH_PARCEL_COALESCING=ON
  HPX_WITH_PARCEL_PROFILING=OFF
  HPX_WITH_SCHEDULER_LOCAL_STORAGE=OFF
  HPX_WITH_SPINLOCK_DEADLOCK_DETECTION=OFF
  HPX_WITH_STACKTRACES=ON
  HPX_WITH_SWAP_CONTEXT_EMULATION=OFF
  HPX_WITH_THREAD_BACKTRACE_ON_SUSPENSION=OFF
  HPX_WITH_THREAD_CREATION_AND_CLEANUP_RATES=OFF
  HPX_WITH_THREAD_CUMULATIVE_COUNTS=ON
  HPX_WITH_THREAD_DEBUG_INFO=OFF
  HPX_WITH_THREAD_DESCRIPTION_FULL=OFF
  HPX_WITH_THREAD_GUARD_PAGE=ON
  HPX_WITH_THREAD_IDLE_RATES=ON
  HPX_WITH_THREAD_LOCAL_STORAGE=ON
  HPX_WITH_THREAD_MANAGER_IDLE_BACKOFF=ON
  HPX_WITH_THREAD_QUEUE_WAITTIME=OFF
  HPX_WITH_THREAD_STACK_MMAP=ON
  HPX_WITH_THREAD_STEALING_COUNTS=ON
  HPX_WITH_THREAD_TARGET_ADDRESS=OFF
  HPX_WITH_TIMER_POOL=ON
  HPX_WITH_TUPLE_RVALUE_SWAP=ON
  HPX_WITH_UNWRAPPED_COMPATIBILITY=ON
  HPX_WITH_VALGRIND=OFF
  HPX_WITH_VERIFY_LOCKS=OFF
  HPX_WITH_VERIFY_LOCKS_BACKTRACE=OFF
  HPX_WITH_VERIFY_LOCKS_GLOBALLY=OFF

  HPX_PARCEL_MAX_CONNECTIONS=512
  HPX_PARCEL_MAX_CONNECTIONS_PER_LOCALITY=4
  HPX_AGAS_LOCAL_CACHE_SIZE=4096
  HPX_HAVE_MALLOC=tcmalloc
  HPX_PREFIX (configured)=/home/sshirzad/lib/hpx/hpx_release_clang_no_hpxmp
  HPX_PREFIX=/home/sshirzad/lib/hpx/hpx_release_clang_no_hpxmp
{version}: V1.2.0-trunk (AGAS: V3.0), Git: e844b344ff
{boost}: V1.67.0
{build-type}: release
{date}: Oct 25 2018 15:32:13
{platform}: linux
{compiler}: Clang version 6.0.0 (tags/RELEASE_600/final)
{stdlib}: libc++ version 6000
{what}: std::bad_alloc: HPX(unhandled_exception)

terminating with uncaught exception of type hpx::detail::exception_with_info<hpx::exception>: std::bad_alloc: HPX(unhandled_exception)
/var/lib/slurm/slurmd/job3396974/slurm_script: line 33: 37140 Aborted                 (core dumped) ${phylanx_dir}/bin/als_csv_instrumented -d --hpx:threads=${th} --data_csv=/phylanx-data/CSV/MovieLens_20m.csv --hpx:bind=balanced --hpx:numa-sensitive --iterations=${it} --f=${f} --row_stop=${rs} --col_stop=${cs} --hpx:print-counter=/threads{locality#*/total}/idle-rate >> ${results_dir}/alsphx_${th}th_itrscs_${it}_${f}_${rs}_${cs}
done 16_1_40_700_20000_16
